2015/11/06 18:24:33 [error] [exception.CHttpException.404] exception 'CHttpException' with message 'No es posible resolver la solicitud "css/images/jssor/img/a11.png"' in C:\xampp\htdocs\faylinnpole\framework\web\CWebApplication.php:286
Stack trace:
#0 C:\xampp\htdocs\faylinnpole\framework\web\CWebApplication.php(141): CWebApplication->runController('css/images/jsso...')
#1 C:\xampp\htdocs\faylinnpole\framework\base\CApplication.php(184): CWebApplication->processRequest()
#2 C:\xampp\htdocs\faylinnpole\faylinn\index.php(13): CApplication->run()
#3 {main}
REQUEST_URI=/faylinnpole/faylinn/css/images/jssor/img/a11.png
HTTP_REFERER=http://localhost/faylinnpole/faylinn/css/custom/customStyle.css
---
2015/11/06 18:27:17 [error] [exception.CHttpException.400] exception 'CHttpException' with message 'Su solicitud es inválida.' in C:\xampp\htdocs\faylinnpole\framework\web\CController.php:1118
Stack trace:
#0 C:\xampp\htdocs\faylinnpole\framework\web\filters\CInlineFilter.php(58): CController->filterPostOnly(Object(CFilterChain))
#1 C:\xampp\htdocs\faylinnpole\framework\web\filters\CFilterChain.php(130): CInlineFilter->filter(Object(CFilterChain))
#2 C:\xampp\htdocs\faylinnpole\framework\web\filters\CFilter.php(40): CFilterChain->run()
#3 C:\xampp\htdocs\faylinnpole\framework\web\CController.php(1145): CFilter->filter(Object(CFilterChain))
#4 C:\xampp\htdocs\faylinnpole\framework\web\filters\CInlineFilter.php(58): CController->filterAccessControl(Object(CFilterChain))
#5 C:\xampp\htdocs\faylinnpole\framework\web\filters\CFilterChain.php(130): CInlineFilter->filter(Object(CFilterChain))
#6 C:\xampp\htdocs\faylinnpole\framework\web\CController.php(291): CFilterChain->run()
#7 C:\xampp\htdocs\faylinnpole\framework\web\CController.php(265): CController->runActionWithFilters(Object(CInlineAction), Array)
#8 C:\xampp\htdocs\faylinnpole\framework\web\CWebApplication.php(282): CController->run('delete')
#9 C:\xampp\htdocs\faylinnpole\framework\web\CWebApplication.php(141): CWebApplication->runController('products/delete')
#10 C:\xampp\htdocs\faylinnpole\framework\base\CApplication.php(184): CWebApplication->processRequest()
#11 C:\xampp\htdocs\faylinnpole\faylinn\index.php(13): CApplication->run()
#12 {main}
REQUEST_URI=/faylinnpole/faylinn/products/delete/1
HTTP_REFERER=http://localhost/faylinnpole/faylinn/products/admin
---
2015/11/06 18:27:42 [error] [exception.CHttpException.400] exception 'CHttpException' with message 'Su solicitud es inválida.' in C:\xampp\htdocs\faylinnpole\framework\web\CController.php:1118
Stack trace:
#0 C:\xampp\htdocs\faylinnpole\framework\web\filters\CInlineFilter.php(58): CController->filterPostOnly(Object(CFilterChain))
#1 C:\xampp\htdocs\faylinnpole\framework\web\filters\CFilterChain.php(130): CInlineFilter->filter(Object(CFilterChain))
#2 C:\xampp\htdocs\faylinnpole\framework\web\filters\CFilter.php(40): CFilterChain->run()
#3 C:\xampp\htdocs\faylinnpole\framework\web\CController.php(1145): CFilter->filter(Object(CFilterChain))
#4 C:\xampp\htdocs\faylinnpole\framework\web\filters\CInlineFilter.php(58): CController->filterAccessControl(Object(CFilterChain))
#5 C:\xampp\htdocs\faylinnpole\framework\web\filters\CFilterChain.php(130): CInlineFilter->filter(Object(CFilterChain))
#6 C:\xampp\htdocs\faylinnpole\framework\web\CController.php(291): CFilterChain->run()
#7 C:\xampp\htdocs\faylinnpole\framework\web\CController.php(265): CController->runActionWithFilters(Object(CInlineAction), Array)
#8 C:\xampp\htdocs\faylinnpole\framework\web\CWebApplication.php(282): CController->run('delete')
#9 C:\xampp\htdocs\faylinnpole\framework\web\CWebApplication.php(141): CWebApplication->runController('products/delete')
#10 C:\xampp\htdocs\faylinnpole\framework\base\CApplication.php(184): CWebApplication->processRequest()
#11 C:\xampp\htdocs\faylinnpole\faylinn\index.php(13): CApplication->run()
#12 {main}
REQUEST_URI=/faylinnpole/faylinn/products/delete/1
HTTP_REFERER=http://localhost/faylinnpole/faylinn/products/admin
---
2015/11/06 18:31:56 [error] [exception.CHttpException.404] exception 'CHttpException' with message 'No es posible resolver la solicitud "css/images/jssor/img/a11.png"' in C:\xampp\htdocs\faylinnpole\framework\web\CWebApplication.php:286
Stack trace:
#0 C:\xampp\htdocs\faylinnpole\framework\web\CWebApplication.php(141): CWebApplication->runController('css/images/jsso...')
#1 C:\xampp\htdocs\faylinnpole\framework\base\CApplication.php(184): CWebApplication->processRequest()
#2 C:\xampp\htdocs\faylinnpole\faylinn\index.php(13): CApplication->run()
#3 {main}
REQUEST_URI=/faylinnpole/faylinn/css/images/jssor/img/a11.png
HTTP_REFERER=http://localhost/faylinnpole/faylinn/css/custom/customStyle.css
---
2015/11/06 18:32:08 [error] [exception.CHttpException.404] exception 'CHttpException' with message 'No es posible resolver la solicitud "css/images/jssor/img/a11.png"' in C:\xampp\htdocs\faylinnpole\framework\web\CWebApplication.php:286
Stack trace:
#0 C:\xampp\htdocs\faylinnpole\framework\web\CWebApplication.php(141): CWebApplication->runController('css/images/jsso...')
#1 C:\xampp\htdocs\faylinnpole\framework\base\CApplication.php(184): CWebApplication->processRequest()
#2 C:\xampp\htdocs\faylinnpole\faylinn\index.php(13): CApplication->run()
#3 {main}
REQUEST_URI=/faylinnpole/faylinn/css/images/jssor/img/a11.png
HTTP_REFERER=http://localhost/faylinnpole/faylinn/css/custom/customStyle.css
---
2015/11/06 18:32:20 [error] [exception.CHttpException.404] exception 'CHttpException' with message 'No es posible resolver la solicitud "css/images/jssor/img/a11.png"' in C:\xampp\htdocs\faylinnpole\framework\web\CWebApplication.php:286
Stack trace:
#0 C:\xampp\htdocs\faylinnpole\framework\web\CWebApplication.php(141): CWebApplication->runController('css/images/jsso...')
#1 C:\xampp\htdocs\faylinnpole\framework\base\CApplication.php(184): CWebApplication->processRequest()
#2 C:\xampp\htdocs\faylinnpole\faylinn\index.php(13): CApplication->run()
#3 {main}
REQUEST_URI=/faylinnpole/faylinn/css/images/jssor/img/a11.png
HTTP_REFERER=http://localhost/faylinnpole/faylinn/css/custom/customStyle.css
---
2015/11/06 18:32:29 [error] [exception.CHttpException.404] exception 'CHttpException' with message 'No es posible resolver la solicitud "css/images/jssor/img/a11.png"' in C:\xampp\htdocs\faylinnpole\framework\web\CWebApplication.php:286
Stack trace:
#0 C:\xampp\htdocs\faylinnpole\framework\web\CWebApplication.php(141): CWebApplication->runController('css/images/jsso...')
#1 C:\xampp\htdocs\faylinnpole\framework\base\CApplication.php(184): CWebApplication->processRequest()
#2 C:\xampp\htdocs\faylinnpole\faylinn\index.php(13): CApplication->run()
#3 {main}
REQUEST_URI=/faylinnpole/faylinn/css/images/jssor/img/a11.png
HTTP_REFERER=http://localhost/faylinnpole/faylinn/css/custom/customStyle.css
---
